[debug] [2025-08-10T13:25:26.234Z] ----------------------------------------------------------------------
[debug] [2025-08-10T13:25:26.248Z] Command:       C:\Program Files\nodejs\node.exe C:\Users\CjTenederoLegaspi\AppData\Roaming\npm\node_modules\firebase-tools\lib\bin\firebase.js init hosting
[debug] [2025-08-10T13:25:26.250Z] CLI Version:   14.12.0
[debug] [2025-08-10T13:25:26.250Z] Platform:      win32
[debug] [2025-08-10T13:25:26.251Z] Node Version:  v22.18.0
[debug] [2025-08-10T13:25:26.252Z] Time:          Sun Aug 10 2025 21:25:26 GMT+0800 (Philippine Standard Time)
[debug] [2025-08-10T13:25:26.252Z] ----------------------------------------------------------------------
[debug] 
[debug] [2025-08-10T13:25:26.266Z] >>> [apiv2][query] GET https://firebase-public.firebaseio.com/cli.json [none]
[debug] [2025-08-10T13:25:26.488Z] > command requires scopes: ["email","openid","https://www.googleapis.com/auth/cloudplatformprojects.readonly","https://www.googleapis.com/auth/firebase","https://www.googleapis.com/auth/cloud-platform"]
[debug] [2025-08-10T13:25:26.490Z] > authorizing via signed-in user (cjlegaspi15moonstone.com.ph@gmail.com)
[info] 
     ######## #### ########  ######## ########     ###     ######  ########
     ##        ##  ##     ## ##       ##     ##  ##   ##  ##       ##
     ######    ##  ########  ######   ########  #########  ######  ######
     ##        ##  ##    ##  ##       ##     ## ##     ##       ## ##
     ##       #### ##     ## ######## ########  ##     ##  ######  ########

You're about to initialize a Firebase project in this directory:

  C:\Survey

Before we get started, keep in mind:

  * You are currently outside your home directory

[debug] [2025-08-10T13:25:27.042Z] <<< [apiv2][status] GET https://firebase-public.firebaseio.com/cli.json 200
[debug] [2025-08-10T13:25:27.043Z] <<< [apiv2][body] GET https://firebase-public.firebaseio.com/cli.json {"cloudBuildErrorAfter":1594252800000,"cloudBuildWarnAfter":1590019200000,"defaultNode10After":1594252800000,"minVersion":"3.0.5","node8DeploysDisabledAfter":1613390400000,"node8RuntimeDisabledAfter":1615809600000,"node8WarnAfter":1600128000000}
[info] 
=== Project Setup
[info] 
[info] First, let's associate this project directory with a Firebase project.
[info] You can create multiple project aliases by running firebase use --add, 
[info] but for now we'll just set up a default project.
[info] 
[debug] [2025-08-10T13:26:02.225Z] Checked if tokens are valid: false, expires at: 1754806055149
[debug] [2025-08-10T13:26:02.226Z] Checked if tokens are valid: false, expires at: 1754806055149
[debug] [2025-08-10T13:26:02.227Z] > refreshing access token with scopes: []
[debug] [2025-08-10T13:26:02.231Z] >>> [apiv2][query] POST https://www.googleapis.com/oauth2/v3/token [none]
[debug] [2025-08-10T13:26:02.231Z] >>> [apiv2][body] POST https://www.googleapis.com/oauth2/v3/token [omitted]
[debug] [2025-08-10T13:26:02.512Z] <<< [apiv2][status] POST https://www.googleapis.com/oauth2/v3/token 200
[debug] [2025-08-10T13:26:02.513Z] <<< [apiv2][body] POST https://www.googleapis.com/oauth2/v3/token [omitted]
[debug] [2025-08-10T13:26:02.538Z] >>> [apiv2][query] GET https://firebase.googleapis.com/v1beta1/projects pageSize=100
[debug] [2025-08-10T13:26:03.356Z] <<< [apiv2][status] GET https://firebase.googleapis.com/v1beta1/projects 200
[debug] [2025-08-10T13:26:03.357Z] <<< [apiv2][body] GET https://firebase.googleapis.com/v1beta1/projects [omitted]
[info] i  Using project database-44435 (Database) 
[info] 
=== Hosting Setup
[debug] [2025-08-10T13:26:05.265Z] Checked if tokens are valid: true, expires at: 1754835961513
[debug] [2025-08-10T13:26:05.266Z] Checked if tokens are valid: true, expires at: 1754835961513
[debug] [2025-08-10T13:26:05.267Z] >>> [apiv2][query] GET https://firebase.googleapis.com/v1beta1/projects/database-44435 [none]
[debug] [2025-08-10T13:26:05.569Z] <<< [apiv2][status] GET https://firebase.googleapis.com/v1beta1/projects/database-44435 200
[debug] [2025-08-10T13:26:05.570Z] <<< [apiv2][body] GET https://firebase.googleapis.com/v1beta1/projects/database-44435 {"projectId":"database-44435","projectNumber":"350824402817","displayName":"Database","name":"projects/database-44435","resources":{"hostingSite":"database-44435","realtimeDatabaseInstance":"database-44435-default-rtdb"},"state":"ACTIVE","etag":"1_8a80a978-c54e-4427-a06a-91ffa9a07900"}
[info] 
[info] Your public directory is the folder (relative to your project directory) that
[info] will contain Hosting assets to be uploaded with firebase deploy. If you
[info] have a build process for your assets, use your build's output directory.
[info] 
[info] +  Wrote public/404.html 
[debug] [2025-08-10T13:26:18.836Z] >>> [apiv2][query] GET https://www.gstatic.com/firebasejs/releases.json [none]
[debug] [2025-08-10T13:26:19.113Z] <<< [apiv2][status] GET https://www.gstatic.com/firebasejs/releases.json 200
[debug] [2025-08-10T13:26:19.113Z] <<< [apiv2][body] GET https://www.gstatic.com/firebasejs/releases.json {"current":{"version":"12.1.0","browserURL":"https://www.gstatic.com/firebasejs/12.1.0/firebase.js","packageURL":"https://www.gstatic.com/firebasejs/12.1.0/firebase.tgz"},"live":{"version":"12.1","browserURL":"https://www.gstatic.com/firebasejs/live/12.1/firebase.js","packageURL":"https://www.gstatic.com/firebasejs/live/12.1/firebase.tgz"},"components":{"ai":"https://www.gstatic.com/firebasejs/12.1.0/firebase-ai.js","analytics":"https://www.gstatic.com/firebasejs/12.1.0/firebase-analytics.js","app":"https://www.gstatic.com/firebasejs/12.1.0/firebase-app.js","app-check":"https://www.gstatic.com/firebasejs/12.1.0/firebase-app-check.js","auth":"https://www.gstatic.com/firebasejs/12.1.0/firebase-auth.js","auth/cordova":"https://www.gstatic.com/firebasejs/12.1.0/firebase-auth/cordova.js","auth/web-extension":"https://www.gstatic.com/firebasejs/12.1.0/firebase-auth/web-extension.js","functions":"https://www.gstatic.com/firebasejs/12.1.0/firebase-functions.js","firestore":"https://www.gstatic.com/firebasejs/12.1.0/firebase-firestore.js","firestore/lite":"https://www.gstatic.com/firebasejs/12.1.0/firebase-firestore/lite.js","installations":"https://www.gstatic.com/firebasejs/12.1.0/firebase-installations.js","storage":"https://www.gstatic.com/firebasejs/12.1.0/firebase-storage.js","performance":"https://www.gstatic.com/firebasejs/12.1.0/firebase-performance.js","remote-config":"https://www.gstatic.com/firebasejs/12.1.0/firebase-remote-config.js","messaging":"https://www.gstatic.com/firebasejs/12.1.0/firebase-messaging.js","messaging/sw":"https://www.gstatic.com/firebasejs/12.1.0/firebase-messaging/sw.js","database":"https://www.gstatic.com/firebasejs/12.1.0/firebase-database.js","data-connect":"https://www.gstatic.com/firebasejs/12.1.0/firebase-data-connect.js","firestore.memory":"https://www.gstatic.com/firebasejs/12.1.0/firebase-firestore.memory.js"}}
[info] +  Wrote public/index.html 
[info] 
[info] i  Didn't detect a .git folder. Assuming C:\Survey is the project root. 
[info] i  Authorizing with GitHub to upload your service account to a GitHub repository's secrets store. 
[info] 
[info] Visit this URL on this device to log in:
[info] https://github.com/login/oauth/authorize?client_id=89cf50f02ac6aaed3484&state=793207778&redirect_uri=http%3A%2F%2Flocalhost%3A9005&scope=read%3Auser%20repo%20public_repo
[info] 
[info] Waiting for authentication...
[debug] [2025-08-10T13:26:28.079Z] >>> [apiv2][query] POST https://github.com/login/oauth/access_token [none]
[debug] [2025-08-10T13:26:28.080Z] >>> [apiv2][body] POST https://github.com/login/oauth/access_token [stream]
[debug] [2025-08-10T13:26:29.056Z] <<< [apiv2][status] POST https://github.com/login/oauth/access_token 200
[debug] [2025-08-10T13:26:29.057Z] <<< [apiv2][body] POST https://github.com/login/oauth/access_token {"access_token":"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","token_type":"bearer","scope":"read:user,repo"}
[debug] [2025-08-10T13:26:29.073Z] >>> [apiv2][query] GET https://api.github.com/user [none]
[debug] [2025-08-10T13:26:30.764Z] <<< [apiv2][status] GET https://api.github.com/user 200
[debug] [2025-08-10T13:26:30.765Z] <<< [apiv2][body] GET https://api.github.com/user {"login":"cjlegaspi15moonstonecomph-ai","id":225552876,"node_id":"U_kgDODXGp7A","avatar_url":"https://avatars.githubusercontent.com/u/225552876?v=4","gravatar_id":"","url":"https://api.github.com/users/cjlegaspi15moonstonecomph-ai","html_url":"https://github.com/cjlegaspi15moonstonecomph-ai","followers_url":"https://api.github.com/users/cjlegaspi15moonstonecomph-ai/followers","following_url":"https://api.github.com/users/cjlegaspi15moonstonecomph-ai/following{/other_user}","gists_url":"https://api.github.com/users/cjlegaspi15moonstonecomph-ai/gists{/gist_id}","starred_url":"https://api.github.com/users/cjlegaspi15moonstonecomph-ai/starred{/owner}{/repo}","subscriptions_url":"https://api.github.com/users/cjlegaspi15moonstonecomph-ai/subscriptions","organizations_url":"https://api.github.com/users/cjlegaspi15moonstonecomph-ai/orgs","repos_url":"https://api.github.com/users/cjlegaspi15moonstonecomph-ai/repos","events_url":"https://api.github.com/users/cjlegaspi15moonstonecomph-ai/events{/privacy}","received_events_url":"https://api.github.com/users/cjlegaspi15moonstonecomph-ai/received_events","type":"User","user_view_type":"private","site_admin":false,"name":null,"company":null,"blog":"","location":null,"email":null,"hireable":null,"bio":null,"twitter_username":null,"notification_email":null,"public_repos":0,"public_gists":0,"followers":0,"following":0,"created_at":"2025-08-09T11:31:10Z","updated_at":"2025-08-09T12:05:24Z","private_gists":0,"total_private_repos":0,"owned_private_repos":0,"disk_usage":0,"collaborators":0,"two_factor_authentication":false,"plan":{"name":"free","space":976562499,"collaborators":0,"private_repos":10000}}
[info] 
[info] +  Success! Logged into GitHub as cjlegaspi15moonstonecomph-ai 
[info] 
